-------------------------------------------------------------------------------
Test set: net.guides.springboot2.springboot2jpacrudexample.EmployeeControllerIntegrationTest
-------------------------------------------------------------------------------
Tests run: 6, Failures: 0, Errors: 1, Skipped: 0, Time elapsed: 11.096 s <<< FAILURE! - in net.guides.springboot2.springboot2jpacrudexample.EmployeeControllerIntegrationTest
testCreateEmployee(net.guides.springboot2.springboot2jpacrudexample.EmployeeControllerIntegrationTest)  Time elapsed: 0.003 s  <<< ERROR!
org.springframework.web.client.ResourceAccessException: I/O error on POST request for "http://localhost:52306/employees": cannot retry due to server authentication, in streaming mode; nested exception is java.net.HttpRetryException: cannot retry due to server authentication, in streaming mode
	at net.guides.springboot2.springboot2jpacrudexample.EmployeeControllerIntegrationTest.testCreateEmployee(EmployeeControllerIntegrationTest.java:66)
Caused by: java.net.HttpRetryException: cannot retry due to server authentication, in streaming mode
	at net.guides.springboot2.springboot2jpacrudexample.EmployeeControllerIntegrationTest.testCreateEmployee(EmployeeControllerIntegrationTest.java:66)

